<?xml version="1.0" encoding="UTF-8"?>
<coverage generated="1647225154258" clover="3.2.0">
  <project timestamp="1647225154258" name="All files">
    <metrics statements="67" coveredstatements="60" conditionals="57" coveredconditionals="52" methods="11" coveredmethods="9" elements="135" coveredelements="121" complexity="0" loc="67" ncloc="67" packages="2" files="2" classes="2"/>
    <package name="timeCounterPackage">
      <metrics statements="64" coveredstatements="59" conditionals="57" coveredconditionals="52" methods="9" coveredmethods="9"/>
      <file name="Counter.js" path="/Users/rahulhegde/Documents/projects/web/js/node/timeCounter/timeCounterPackage/Counter.js">
        <metrics statements="64" coveredstatements="59" conditionals="57" coveredconditionals="52" methods="9" coveredmethods="9"/>
        <line num="16" count="1" type="stmt"/>
        <line num="18" count="36" type="stmt"/>
        <line num="19" count="36" type="stmt"/>
        <line num="20" count="36" type="stmt"/>
        <line num="22" count="36" type="stmt"/>
        <line num="25" count="135573" type="cond" truecount="3" falsecount="1"/>
        <line num="27" count="133305" type="cond" truecount="2" falsecount="0"/>
        <line num="28" count="2223" type="stmt"/>
        <line num="29" count="2223" type="stmt"/>
        <line num="31" count="131082" type="stmt"/>
        <line num="33" count="133305" type="stmt"/>
        <line num="36" count="2226" type="cond" truecount="2" falsecount="0"/>
        <line num="37" count="39" type="stmt"/>
        <line num="38" count="39" type="stmt"/>
        <line num="40" count="2187" type="stmt"/>
        <line num="42" count="2226" type="stmt"/>
        <line num="45" count="42" type="cond" truecount="2" falsecount="0"/>
        <line num="46" count="3" type="stmt"/>
        <line num="48" count="39" type="stmt"/>
        <line num="50" count="42" type="stmt"/>
        <line num="52" count="0" type="stmt"/>
        <line num="56" count="135576" type="cond" truecount="3" falsecount="1"/>
        <line num="58" count="133303" type="cond" truecount="2" falsecount="0"/>
        <line num="59" count="2227" type="stmt"/>
        <line num="60" count="2227" type="stmt"/>
        <line num="62" count="131076" type="stmt"/>
        <line num="64" count="133303" type="stmt"/>
        <line num="66" count="2228" type="cond" truecount="2" falsecount="0"/>
        <line num="67" count="44" type="stmt"/>
        <line num="68" count="44" type="stmt"/>
        <line num="70" count="2184" type="stmt"/>
        <line num="72" count="2228" type="stmt"/>
        <line num="74" count="45" type="cond" truecount="2" falsecount="0"/>
        <line num="75" count="9" type="stmt"/>
        <line num="77" count="36" type="stmt"/>
        <line num="79" count="45" type="stmt"/>
        <line num="81" count="0" type="stmt"/>
        <line num="88" count="2" type="stmt"/>
        <line num="91" count="2" type="stmt"/>
        <line num="94" count="2" type="stmt"/>
        <line num="98" count="33" type="cond" truecount="2" falsecount="0"/>
        <line num="101" count="33" type="cond" truecount="2" falsecount="0"/>
        <line num="102" count="33" type="cond" truecount="2" falsecount="0"/>
        <line num="103" count="33" type="cond" truecount="2" falsecount="0"/>
        <line num="105" count="33" type="cond" truecount="2" falsecount="0"/>
        <line num="109" count="25" type="cond" truecount="2" falsecount="0"/>
        <line num="110" count="25" type="cond" truecount="2" falsecount="0"/>
        <line num="111" count="25" type="cond" truecount="2" falsecount="0"/>
        <line num="113" count="25" type="stmt"/>
        <line num="116" count="36" type="stmt"/>
        <line num="137" count="36" type="cond" truecount="1" falsecount="1"/>
        <line num="138" count="0" type="stmt"/>
        <line num="140" count="36" type="cond" truecount="1" falsecount="1"/>
        <line num="141" count="0" type="stmt"/>
        <line num="145" count="36" type="cond" truecount="2" falsecount="0"/>
        <line num="147" count="31" type="cond" truecount="2" falsecount="0"/>
        <line num="148" count="2" type="stmt"/>
        <line num="152" count="31" type="cond" truecount="4" falsecount="0"/>
        <line num="153" count="4" type="stmt"/>
        <line num="156" count="31" type="stmt"/>
        <line num="161" count="5" type="cond" truecount="1" falsecount="1"/>
        <line num="162" count="0" type="stmt"/>
        <line num="167" count="5" type="stmt"/>
        <line num="170" count="1" type="stmt"/>
      </file>
    </package>
    <package name="timeCounterPackage.tests">
      <metrics statements="3" coveredstatements="1" conditionals="0" coveredconditionals="0" methods="2" coveredmethods="0"/>
      <file name="TestHelpers.js" path="/Users/rahulhegde/Documents/projects/web/js/node/timeCounter/timeCounterPackage/tests/TestHelpers.js">
        <metrics statements="3" coveredstatements="1" conditionals="0" coveredconditionals="0" methods="2" coveredmethods="0"/>
        <line num="8" count="0" type="stmt"/>
        <line num="12" count="0" type="stmt"/>
        <line num="15" count="1" type="stmt"/>
      </file>
    </package>
  </project>
</coverage>
