{"/Users/rahulhegde/Documents/projects/web/js/node/timeCounter/timeCounterPackage/Counter.js": {"path":"/Users/rahulhegde/Documents/projects/web/js/node/timeCounter/timeCounterPackage/Counter.js","statementMap":{"0":{"start":{"line":16,"column":19},"end":{"line":117,"column":1}},"1":{"start":{"line":18,"column":14},"end":{"line":18,"column":16}},"2":{"start":{"line":19,"column":16},"end":{"line":19,"column":19}},"3":{"start":{"line":20,"column":16},"end":{"line":20,"column":19}},"4":{"start":{"line":22,"column":23},"end":{"line":115,"column":3}},"5":{"start":{"line":25,"column":6},"end":{"line":53,"column":7}},"6":{"start":{"line":27,"column":10},"end":{"line":32,"column":11}},"7":{"start":{"line":28,"column":12},"end":{"line":28,"column":23}},"8":{"start":{"line":29,"column":12},"end":{"line":29,"column":31}},"9":{"start":{"line":31,"column":12},"end":{"line":31,"column":21}},"10":{"start":{"line":33,"column":10},"end":{"line":33,"column":15}},"11":{"start":{"line":36,"column":10},"end":{"line":41,"column":11}},"12":{"start":{"line":37,"column":12},"end":{"line":37,"column":23}},"13":{"start":{"line":38,"column":12},"end":{"line":38,"column":31}},"14":{"start":{"line":40,"column":12},"end":{"line":40,"column":21}},"15":{"start":{"line":42,"column":10},"end":{"line":42,"column":15}},"16":{"start":{"line":45,"column":10},"end":{"line":49,"column":11}},"17":{"start":{"line":46,"column":12},"end":{"line":46,"column":21}},"18":{"start":{"line":48,"column":12},"end":{"line":48,"column":19}},"19":{"start":{"line":50,"column":10},"end":{"line":50,"column":15}},"20":{"start":{"line":52,"column":10},"end":{"line":52,"column":61}},"21":{"start":{"line":56,"column":6},"end":{"line":82,"column":7}},"22":{"start":{"line":58,"column":10},"end":{"line":63,"column":11}},"23":{"start":{"line":59,"column":12},"end":{"line":59,"column":24}},"24":{"start":{"line":60,"column":12},"end":{"line":60,"column":31}},"25":{"start":{"line":62,"column":12},"end":{"line":62,"column":21}},"26":{"start":{"line":64,"column":10},"end":{"line":64,"column":15}},"27":{"start":{"line":66,"column":10},"end":{"line":71,"column":11}},"28":{"start":{"line":67,"column":12},"end":{"line":67,"column":24}},"29":{"start":{"line":68,"column":12},"end":{"line":68,"column":31}},"30":{"start":{"line":70,"column":12},"end":{"line":70,"column":21}},"31":{"start":{"line":72,"column":10},"end":{"line":72,"column":15}},"32":{"start":{"line":74,"column":10},"end":{"line":78,"column":11}},"33":{"start":{"line":75,"column":12},"end":{"line":75,"column":22}},"34":{"start":{"line":77,"column":12},"end":{"line":77,"column":19}},"35":{"start":{"line":79,"column":10},"end":{"line":79,"column":15}},"36":{"start":{"line":81,"column":10},"end":{"line":81,"column":61}},"37":{"start":{"line":88,"column":6},"end":{"line":88,"column":18}},"38":{"start":{"line":91,"column":6},"end":{"line":91,"column":20}},"39":{"start":{"line":94,"column":6},"end":{"line":94,"column":20}},"40":{"start":{"line":98,"column":17},"end":{"line":98,"column":48}},"41":{"start":{"line":101,"column":6},"end":{"line":101,"column":42}},"42":{"start":{"line":102,"column":16},"end":{"line":102,"column":54}},"43":{"start":{"line":103,"column":16},"end":{"line":103,"column":54}},"44":{"start":{"line":105,"column":6},"end":{"line":105,"column":65}},"45":{"start":{"line":109,"column":17},"end":{"line":109,"column":49}},"46":{"start":{"line":110,"column":16},"end":{"line":110,"column":54}},"47":{"start":{"line":111,"column":16},"end":{"line":111,"column":54}},"48":{"start":{"line":113,"column":6},"end":{"line":113,"column":36}},"49":{"start":{"line":116,"column":2},"end":{"line":116,"column":21}},"50":{"start":{"line":137,"column":2},"end":{"line":139,"column":3}},"51":{"start":{"line":138,"column":4},"end":{"line":138,"column":13}},"52":{"start":{"line":140,"column":2},"end":{"line":142,"column":3}},"53":{"start":{"line":141,"column":4},"end":{"line":141,"column":13}},"54":{"start":{"line":145,"column":2},"end":{"line":157,"column":3}},"55":{"start":{"line":147,"column":4},"end":{"line":149,"column":5}},"56":{"start":{"line":148,"column":6},"end":{"line":148,"column":14}},"57":{"start":{"line":152,"column":4},"end":{"line":154,"column":5}},"58":{"start":{"line":153,"column":6},"end":{"line":153,"column":14}},"59":{"start":{"line":156,"column":4},"end":{"line":156,"column":52}},"60":{"start":{"line":161,"column":2},"end":{"line":163,"column":3}},"61":{"start":{"line":162,"column":4},"end":{"line":162,"column":12}},"62":{"start":{"line":167,"column":2},"end":{"line":167,"column":50}},"63":{"start":{"line":170,"column":0},"end":{"line":170,"column":30}}},"fnMap":{"0":{"name":"(anonymous_0)","decl":{"start":{"line":16,"column":19},"end":{"line":16,"column":20}},"loc":{"start":{"line":16,"column":43},"end":{"line":117,"column":1}},"line":16},"1":{"name":"(anonymous_1)","decl":{"start":{"line":24,"column":4},"end":{"line":24,"column":5}},"loc":{"start":{"line":24,"column":28},"end":{"line":54,"column":5}},"line":24},"2":{"name":"(anonymous_2)","decl":{"start":{"line":55,"column":4},"end":{"line":55,"column":5}},"loc":{"start":{"line":55,"column":28},"end":{"line":83,"column":5}},"line":55},"3":{"name":"(anonymous_3)","decl":{"start":{"line":87,"column":4},"end":{"line":87,"column":5}},"loc":{"start":{"line":87,"column":14},"end":{"line":89,"column":5}},"line":87},"4":{"name":"(anonymous_4)","decl":{"start":{"line":90,"column":4},"end":{"line":90,"column":5}},"loc":{"start":{"line":90,"column":16},"end":{"line":92,"column":5}},"line":90},"5":{"name":"(anonymous_5)","decl":{"start":{"line":93,"column":4},"end":{"line":93,"column":5}},"loc":{"start":{"line":93,"column":16},"end":{"line":95,"column":5}},"line":93},"6":{"name":"(anonymous_6)","decl":{"start":{"line":96,"column":4},"end":{"line":96,"column":5}},"loc":{"start":{"line":96,"column":14},"end":{"line":106,"column":5}},"line":96},"7":{"name":"(anonymous_7)","decl":{"start":{"line":107,"column":4},"end":{"line":107,"column":5}},"loc":{"start":{"line":107,"column":22},"end":{"line":114,"column":5}},"line":107},"8":{"name":"createCounter","decl":{"start":{"line":131,"column":9},"end":{"line":131,"column":22}},"loc":{"start":{"line":131,"column":79},"end":{"line":168,"column":1}},"line":131}},"branchMap":{"0":{"loc":{"start":{"line":24,"column":14},"end":{"line":24,"column":26}},"type":"default-arg","locations":[{"start":{"line":24,"column":23},"end":{"line":24,"column":26}}],"line":24},"1":{"loc":{"start":{"line":25,"column":6},"end":{"line":53,"column":7}},"type":"switch","locations":[{"start":{"line":26,"column":8},"end":{"line":33,"column":15}},{"start":{"line":35,"column":8},"end":{"line":42,"column":15}},{"start":{"line":44,"column":8},"end":{"line":50,"column":15}},{"start":{"line":51,"column":8},"end":{"line":52,"column":61}}],"line":25},"2":{"loc":{"start":{"line":27,"column":10},"end":{"line":32,"column":11}},"type":"if","locations":[{"start":{"line":27,"column":10},"end":{"line":32,"column":11}},{"start":{"line":30,"column":17},"end":{"line":32,"column":11}}],"line":27},"3":{"loc":{"start":{"line":36,"column":10},"end":{"line":41,"column":11}},"type":"if","locations":[{"start":{"line":36,"column":10},"end":{"line":41,"column":11}},{"start":{"line":39,"column":17},"end":{"line":41,"column":11}}],"line":36},"4":{"loc":{"start":{"line":45,"column":10},"end":{"line":49,"column":11}},"type":"if","locations":[{"start":{"line":45,"column":10},"end":{"line":49,"column":11}},{"start":{"line":47,"column":17},"end":{"line":49,"column":11}}],"line":45},"5":{"loc":{"start":{"line":55,"column":14},"end":{"line":55,"column":26}},"type":"default-arg","locations":[{"start":{"line":55,"column":23},"end":{"line":55,"column":26}}],"line":55},"6":{"loc":{"start":{"line":56,"column":6},"end":{"line":82,"column":7}},"type":"switch","locations":[{"start":{"line":57,"column":8},"end":{"line":64,"column":15}},{"start":{"line":65,"column":8},"end":{"line":72,"column":15}},{"start":{"line":73,"column":8},"end":{"line":79,"column":15}},{"start":{"line":80,"column":8},"end":{"line":81,"column":61}}],"line":56},"7":{"loc":{"start":{"line":58,"column":10},"end":{"line":63,"column":11}},"type":"if","locations":[{"start":{"line":58,"column":10},"end":{"line":63,"column":11}},{"start":{"line":61,"column":17},"end":{"line":63,"column":11}}],"line":58},"8":{"loc":{"start":{"line":66,"column":10},"end":{"line":71,"column":11}},"type":"if","locations":[{"start":{"line":66,"column":10},"end":{"line":71,"column":11}},{"start":{"line":69,"column":17},"end":{"line":71,"column":11}}],"line":66},"9":{"loc":{"start":{"line":74,"column":10},"end":{"line":78,"column":11}},"type":"if","locations":[{"start":{"line":74,"column":10},"end":{"line":78,"column":11}},{"start":{"line":76,"column":17},"end":{"line":78,"column":11}}],"line":74},"10":{"loc":{"start":{"line":98,"column":17},"end":{"line":98,"column":48}},"type":"cond-expr","locations":[{"start":{"line":98,"column":30},"end":{"line":98,"column":40}},{"start":{"line":98,"column":43},"end":{"line":98,"column":48}}],"line":98},"11":{"loc":{"start":{"line":101,"column":13},"end":{"line":101,"column":42}},"type":"cond-expr","locations":[{"start":{"line":101,"column":25},"end":{"line":101,"column":35}},{"start":{"line":101,"column":38},"end":{"line":101,"column":42}}],"line":101},"12":{"loc":{"start":{"line":102,"column":16},"end":{"line":102,"column":54}},"type":"cond-expr","locations":[{"start":{"line":102,"column":31},"end":{"line":102,"column":44}},{"start":{"line":102,"column":47},"end":{"line":102,"column":54}}],"line":102},"13":{"loc":{"start":{"line":103,"column":16},"end":{"line":103,"column":54}},"type":"cond-expr","locations":[{"start":{"line":103,"column":31},"end":{"line":103,"column":44}},{"start":{"line":103,"column":47},"end":{"line":103,"column":54}}],"line":103},"14":{"loc":{"start":{"line":105,"column":38},"end":{"line":105,"column":63}},"type":"cond-expr","locations":[{"start":{"line":105,"column":52},"end":{"line":105,"column":56}},{"start":{"line":105,"column":59},"end":{"line":105,"column":63}}],"line":105},"15":{"loc":{"start":{"line":109,"column":17},"end":{"line":109,"column":49}},"type":"cond-expr","locations":[{"start":{"line":109,"column":30},"end":{"line":109,"column":41}},{"start":{"line":109,"column":44},"end":{"line":109,"column":49}}],"line":109},"16":{"loc":{"start":{"line":110,"column":16},"end":{"line":110,"column":54}},"type":"cond-expr","locations":[{"start":{"line":110,"column":31},"end":{"line":110,"column":44}},{"start":{"line":110,"column":47},"end":{"line":110,"column":54}}],"line":110},"17":{"loc":{"start":{"line":111,"column":16},"end":{"line":111,"column":54}},"type":"cond-expr","locations":[{"start":{"line":111,"column":31},"end":{"line":111,"column":44}},{"start":{"line":111,"column":47},"end":{"line":111,"column":54}}],"line":111},"18":{"loc":{"start":{"line":131,"column":23},"end":{"line":131,"column":29}},"type":"default-arg","locations":[{"start":{"line":131,"column":28},"end":{"line":131,"column":29}}],"line":131},"19":{"loc":{"start":{"line":131,"column":31},"end":{"line":131,"column":38}},"type":"default-arg","locations":[{"start":{"line":131,"column":37},"end":{"line":131,"column":38}}],"line":131},"20":{"loc":{"start":{"line":131,"column":40},"end":{"line":131,"column":47}},"type":"default-arg","locations":[{"start":{"line":131,"column":46},"end":{"line":131,"column":47}}],"line":131},"21":{"loc":{"start":{"line":131,"column":49},"end":{"line":131,"column":59}},"type":"default-arg","locations":[{"start":{"line":131,"column":55},"end":{"line":131,"column":59}}],"line":131},"22":{"loc":{"start":{"line":131,"column":61},"end":{"line":131,"column":77}},"type":"default-arg","locations":[{"start":{"line":131,"column":72},"end":{"line":131,"column":77}}],"line":131},"23":{"loc":{"start":{"line":137,"column":2},"end":{"line":139,"column":3}},"type":"if","locations":[{"start":{"line":137,"column":2},"end":{"line":139,"column":3}},{"start":{},"end":{}}],"line":137},"24":{"loc":{"start":{"line":140,"column":2},"end":{"line":142,"column":3}},"type":"if","locations":[{"start":{"line":140,"column":2},"end":{"line":142,"column":3}},{"start":{},"end":{}}],"line":140},"25":{"loc":{"start":{"line":145,"column":2},"end":{"line":157,"column":3}},"type":"if","locations":[{"start":{"line":145,"column":2},"end":{"line":157,"column":3}},{"start":{},"end":{}}],"line":145},"26":{"loc":{"start":{"line":147,"column":4},"end":{"line":149,"column":5}},"type":"if","locations":[{"start":{"line":147,"column":4},"end":{"line":149,"column":5}},{"start":{},"end":{}}],"line":147},"27":{"loc":{"start":{"line":152,"column":4},"end":{"line":154,"column":5}},"type":"if","locations":[{"start":{"line":152,"column":4},"end":{"line":154,"column":5}},{"start":{},"end":{}}],"line":152},"28":{"loc":{"start":{"line":152,"column":8},"end":{"line":152,"column":36}},"type":"binary-expr","locations":[{"start":{"line":152,"column":8},"end":{"line":152,"column":20}},{"start":{"line":152,"column":24},"end":{"line":152,"column":36}}],"line":152},"29":{"loc":{"start":{"line":161,"column":2},"end":{"line":163,"column":3}},"type":"if","locations":[{"start":{"line":161,"column":2},"end":{"line":163,"column":3}},{"start":{},"end":{}}],"line":161}},"s":{"0":1,"1":36,"2":36,"3":36,"4":36,"5":135573,"6":133305,"7":2223,"8":2223,"9":131082,"10":133305,"11":2226,"12":39,"13":39,"14":2187,"15":2226,"16":42,"17":3,"18":39,"19":42,"20":0,"21":135576,"22":133303,"23":2227,"24":2227,"25":131076,"26":133303,"27":2228,"28":44,"29":44,"30":2184,"31":2228,"32":45,"33":9,"34":36,"35":45,"36":0,"37":2,"38":2,"39":2,"40":33,"41":33,"42":33,"43":33,"44":33,"45":25,"46":25,"47":25,"48":25,"49":36,"50":36,"51":0,"52":36,"53":0,"54":36,"55":31,"56":2,"57":31,"58":4,"59":31,"60":5,"61":0,"62":5,"63":1},"f":{"0":36,"1":135573,"2":135576,"3":2,"4":2,"5":2,"6":33,"7":25,"8":36},"b":{"0":[133302],"1":[133305,2226,42,0],"2":[2223,131082],"3":[39,2187],"4":[3,39],"5":[133302],"6":[133303,2228,45,0],"7":[2227,131076],"8":[44,2184],"9":[9,36],"10":[15,18],"11":[16,17],"12":[15,18],"13":[18,15],"14":[16,17],"15":[12,13],"16":[11,14],"17":[16,9],"18":[19],"19":[19],"20":[19],"21":[24],"22":[31],"23":[0,36],"24":[0,36],"25":[31,5],"26":[2,29],"27":[4,27],"28":[31,31],"29":[0,5]},"_coverageSchema":"1a1c01bbd47fc00a2c39e90264f33305004495a9","hash":"065654346c85152cbee812ab30758dbbf75fc888"}
,"/Users/rahulhegde/Documents/projects/web/js/node/timeCounter/timeCounterPackage/tests/TestHelpers.js": {"path":"/Users/rahulhegde/Documents/projects/web/js/node/timeCounter/timeCounterPackage/tests/TestHelpers.js","statementMap":{"0":{"start":{"line":8,"column":2},"end":{"line":8,"column":42}},"1":{"start":{"line":12,"column":2},"end":{"line":12,"column":54}},"2":{"start":{"line":15,"column":0},"end":{"line":18,"column":1}}},"fnMap":{"0":{"name":"getRandomNumber","decl":{"start":{"line":7,"column":9},"end":{"line":7,"column":24}},"loc":{"start":{"line":7,"column":35},"end":{"line":9,"column":1}},"line":7},"1":{"name":"getRandomInt","decl":{"start":{"line":11,"column":9},"end":{"line":11,"column":21}},"loc":{"start":{"line":11,"column":32},"end":{"line":13,"column":1}},"line":11}},"branchMap":{},"s":{"0":0,"1":0,"2":1},"f":{"0":0,"1":0},"b":{},"_coverageSchema":"1a1c01bbd47fc00a2c39e90264f33305004495a9","hash":"fe836b7bc2734f59085c68499ba1ef8375cda18e"}
}
