TN:
SF:Counter.js
FN:16,(anonymous_0)
FN:24,(anonymous_1)
FN:55,(anonymous_2)
FN:87,(anonymous_3)
FN:90,(anonymous_4)
FN:93,(anonymous_5)
FN:96,(anonymous_6)
FN:107,(anonymous_7)
FN:131,createCounter
FNF:9
FNH:9
FNDA:36,(anonymous_0)
FNDA:135573,(anonymous_1)
FNDA:135576,(anonymous_2)
FNDA:2,(anonymous_3)
FNDA:2,(anonymous_4)
FNDA:2,(anonymous_5)
FNDA:33,(anonymous_6)
FNDA:25,(anonymous_7)
FNDA:36,createCounter
DA:16,1
DA:18,36
DA:19,36
DA:20,36
DA:22,36
DA:25,135573
DA:27,133305
DA:28,2223
DA:29,2223
DA:31,131082
DA:33,133305
DA:36,2226
DA:37,39
DA:38,39
DA:40,2187
DA:42,2226
DA:45,42
DA:46,3
DA:48,39
DA:50,42
DA:52,0
DA:56,135576
DA:58,133303
DA:59,2227
DA:60,2227
DA:62,131076
DA:64,133303
DA:66,2228
DA:67,44
DA:68,44
DA:70,2184
DA:72,2228
DA:74,45
DA:75,9
DA:77,36
DA:79,45
DA:81,0
DA:88,2
DA:91,2
DA:94,2
DA:98,33
DA:101,33
DA:102,33
DA:103,33
DA:105,33
DA:109,25
DA:110,25
DA:111,25
DA:113,25
DA:116,36
DA:137,36
DA:138,0
DA:140,36
DA:141,0
DA:145,36
DA:147,31
DA:148,2
DA:152,31
DA:153,4
DA:156,31
DA:161,5
DA:162,0
DA:167,5
DA:170,1
LF:64
LH:59
BRDA:24,0,0,133302
BRDA:25,1,0,133305
BRDA:25,1,1,2226
BRDA:25,1,2,42
BRDA:25,1,3,0
BRDA:27,2,0,2223
BRDA:27,2,1,131082
BRDA:36,3,0,39
BRDA:36,3,1,2187
BRDA:45,4,0,3
BRDA:45,4,1,39
BRDA:55,5,0,133302
BRDA:56,6,0,133303
BRDA:56,6,1,2228
BRDA:56,6,2,45
BRDA:56,6,3,0
BRDA:58,7,0,2227
BRDA:58,7,1,131076
BRDA:66,8,0,44
BRDA:66,8,1,2184
BRDA:74,9,0,9
BRDA:74,9,1,36
BRDA:98,10,0,15
BRDA:98,10,1,18
BRDA:101,11,0,16
BRDA:101,11,1,17
BRDA:102,12,0,15
BRDA:102,12,1,18
BRDA:103,13,0,18
BRDA:103,13,1,15
BRDA:105,14,0,16
BRDA:105,14,1,17
BRDA:109,15,0,12
BRDA:109,15,1,13
BRDA:110,16,0,11
BRDA:110,16,1,14
BRDA:111,17,0,16
BRDA:111,17,1,9
BRDA:131,18,0,19
BRDA:131,19,0,19
BRDA:131,20,0,19
BRDA:131,21,0,24
BRDA:131,22,0,31
BRDA:137,23,0,0
BRDA:137,23,1,36
BRDA:140,24,0,0
BRDA:140,24,1,36
BRDA:145,25,0,31
BRDA:145,25,1,5
BRDA:147,26,0,2
BRDA:147,26,1,29
BRDA:152,27,0,4
BRDA:152,27,1,27
BRDA:152,28,0,31
BRDA:152,28,1,31
BRDA:161,29,0,0
BRDA:161,29,1,5
BRF:57
BRH:52
end_of_record
TN:
SF:tests/TestHelpers.js
FN:7,getRandomNumber
FN:11,getRandomInt
FNF:2
FNH:0
FNDA:0,getRandomNumber
FNDA:0,getRandomInt
DA:8,0
DA:12,0
DA:15,1
LF:3
LH:1
BRF:0
BRH:0
end_of_record
